*** Error in `bin/pthreads_mvmult': free(): invalid next size (normal): 0x00000000007d1200 ***
======= Backtrace: =========
srun: error: r2-adaptlab-02: task 0: Aborted
/lib64/libc.so.6(+0x81499)[0x7ffff7054499]
bin/pthreads_mvmult[0x40152f]
bin/pthreads_mvmult[0x40102b]
/lib64/libc.so.6(__libc_start_main+0xf5)[0x7ffff6ff5445]
bin/pthreads_mvmult[0x400b09]
======= Memory map: ========
00400000-00402000 r-xp 00000000 00:27 40822835650                        /home/abrinegar/CS430-FA18-03/C-MVMultiply/bin/pthreads_mvmult
00601000-00602000 r--p 00001000 00:27 40822835650                        /home/abrinegar/CS430-FA18-03/C-MVMultiply/bin/pthreads_mvmult
00602000-00603000 rw-p 00002000 00:27 40822835650                        /home/abrinegar/CS430-FA18-03/C-MVMultiply/bin/pthreads_mvmult
00603000-007da000 rw-p 00000000 00:00 0                                  [heap]
7ffff0000000-7ffff0021000 rw-p 00000000 00:00 0 
7ffff0021000-7ffff4000000 ---p 00000000 00:00 0 
7ffff67d2000-7ffff67d3000 ---p 00000000 00:00 0 
7ffff67d3000-7ffff6fd3000 rw-p 00000000 00:00 0 
7ffff6fd3000-7ffff7196000 r-xp 00000000 08:01 68975226                   /usr/lib64/libc-2.17.so
7ffff7196000-7ffff7395000 ---p 001c3000 08:01 68975226                   /usr/lib64/libc-2.17.so
7ffff7395000-7ffff7399000 r--p 001c2000 08:01 68975226                   /usr/lib64/libc-2.17.so
7ffff7399000-7ffff739b000 rw-p 001c6000 08:01 68975226                   /usr/lib64/libc-2.17.so
7ffff739b000-7ffff73a0000 rw-p 00000000 00:00 0 
7ffff73a0000-7ffff73b7000 r-xp 00000000 08:01 67807488                   /usr/lib64/libpthread-2.17.so
7ffff73b7000-7ffff75b6000 ---p 00017000 08:01 67807488                   /usr/lib64/libpthread-2.17.so
7ffff75b6000-7ffff75b7000 r--p 00016000 08:01 67807488                   /usr/lib64/libpthread-2.17.so
7ffff75b7000-7ffff75b8000 rw-p 00017000 08:01 67807488                   /usr/lib64/libpthread-2.17.so
7ffff75b8000-7ffff75bc000 rw-p 00000000 00:00 0 
7ffff75bc000-7ffff75d1000 r-xp 00000000 08:01 69039291                   /usr/lib64/libgcc_s-4.8.5-20150702.so.1
7ffff75d1000-7ffff77d0000 ---p 00015000 08:01 69039291                   /usr/lib64/libgcc_s-4.8.5-20150702.so.1
7ffff77d0000-7ffff77d1000 r--p 00014000 08:01 69039291                   /usr/lib64/libgcc_s-4.8.5-20150702.so.1
7ffff77d1000-7ffff77d2000 rw-p 00015000 08:01 69039291                   /usr/lib64/libgcc_s-4.8.5-20150702.so.1
7ffff77d2000-7ffff78d3000 r-xp 00000000 08:01 69085433                   /usr/lib64/libm-2.17.so
7ffff78d3000-7ffff7ad2000 ---p 00101000 08:01 69085433                   /usr/lib64/libm-2.17.so
7ffff7ad2000-7ffff7ad3000 r--p 00100000 08:01 69085433                   /usr/lib64/libm-2.17.so
7ffff7ad3000-7ffff7ad4000 rw-p 00101000 08:01 69085433                   /usr/lib64/libm-2.17.so
7ffff7ad4000-7ffff7bbd000 r-xp 00000000 08:01 69188336                   /usr/lib64/libstdc++.so.6.0.19
7ffff7bbd000-7ffff7dbc000 ---p 000e9000 08:01 69188336                   /usr/lib64/libstdc++.so.6.0.19
7ffff7dbc000-7ffff7dc4000 r--p 000e8000 08:01 69188336                   /usr/lib64/libstdc++.so.6.0.19
7ffff7dc4000-7ffff7dc6000 rw-p 000f0000 08:01 69188336                   /usr/lib64/libstdc++.so.6.0.19
7ffff7dc6000-7ffff7ddb000 rw-p 00000000 00:00 0 
7ffff7ddb000-7ffff7dfd000 r-xp 00000000 08:01 68973253                   /usr/lib64/ld-2.17.so
7ffff7fb4000-7ffff7fe4000 rw-p 00000000 00:00 0 
7ffff7ff6000-7ffff7ffa000 rw-p 00000000 00:00 0 
7ffff7ffa000-7ffff7ffc000 r-xp 00000000 00:00 0                          [vdso]
7ffff7ffc000-7ffff7ffd000 r--p 00021000 08:01 68973253                   /usr/lib64/ld-2.17.so
7ffff7ffd000-7ffff7ffe000 rw-p 00022000 08:01 68973253                   /usr/lib64/ld-2.17.so
7ffff7ffe000-7ffff7fff000 rw-p 00000000 00:00 0 
7ffffffdd000-7ffffffff000 rw-p 00000000 00:00 0                          [stack]
ffffffffff600000-ffffffffff601000 r-xp 00000000 00:00 0                  [vsyscall]
14, 7
srun: error: r2-adaptlab-02: task 0: Segmentation fault
